23-Sep-2019 19:10:15.438 INFO [main] org.apache.catalina.startup.VersionLoggerListener.log Server version name:   Apache Tomcat/9.0.24
23-Sep-2019 19:10:15.440 INFO [main] org.apache.catalina.startup.VersionLoggerListener.log Server built:          Aug 14 2019 21:16:42 UTC
23-Sep-2019 19:10:15.440 INFO [main] org.apache.catalina.startup.VersionLoggerListener.log Server version number: 9.0.24.0
23-Sep-2019 19:10:15.440 INFO [main] org.apache.catalina.startup.VersionLoggerListener.log OS Name:               Mac OS X
23-Sep-2019 19:10:15.440 INFO [main] org.apache.catalina.startup.VersionLoggerListener.log OS Version:            10.14.6
23-Sep-2019 19:10:15.440 INFO [main] org.apache.catalina.startup.VersionLoggerListener.log Architecture:          x86_64
23-Sep-2019 19:10:15.440 INFO [main] org.apache.catalina.startup.VersionLoggerListener.log Java Home:             /Library/Java/JavaVirtualMachines/jdk1.8.0_201.jdk/Contents/Home/jre
23-Sep-2019 19:10:15.440 INFO [main] org.apache.catalina.startup.VersionLoggerListener.log JVM Version:           1.8.0_201-b09
23-Sep-2019 19:10:15.441 INFO [main] org.apache.catalina.startup.VersionLoggerListener.log JVM Vendor:            Oracle Corporation
23-Sep-2019 19:10:15.441 INFO [main] org.apache.catalina.startup.VersionLoggerListener.log CATALINA_BASE:         /Users/patricksilvestre/Downloads/apache-tomcat-9.0.24
23-Sep-2019 19:10:15.441 INFO [main] org.apache.catalina.startup.VersionLoggerListener.log CATALINA_HOME:         /Users/patricksilvestre/Downloads/apache-tomcat-9.0.24
23-Sep-2019 19:10:15.444 INFO [main] org.apache.catalina.startup.VersionLoggerListener.log Command line argument: -Djava.util.logging.config.file=/Users/patricksilvestre/Downloads/apache-tomcat-9.0.24/conf/logging.properties
23-Sep-2019 19:10:15.444 INFO [main] org.apache.catalina.startup.VersionLoggerListener.log Command line argument: -Djava.util.logging.manager=org.apache.juli.ClassLoaderLogManager
23-Sep-2019 19:10:15.444 INFO [main] org.apache.catalina.startup.VersionLoggerListener.log Command line argument: -Djdk.tls.ephemeralDHKeySize=2048
23-Sep-2019 19:10:15.444 INFO [main] org.apache.catalina.startup.VersionLoggerListener.log Command line argument: -Djava.protocol.handler.pkgs=org.apache.catalina.webresources
23-Sep-2019 19:10:15.444 INFO [main] org.apache.catalina.startup.VersionLoggerListener.log Command line argument: -Dorg.apache.catalina.security.SecurityListener.UMASK=0027
23-Sep-2019 19:10:15.444 INFO [main] org.apache.catalina.startup.VersionLoggerListener.log Command line argument: -Dignore.endorsed.dirs=
23-Sep-2019 19:10:15.444 INFO [main] org.apache.catalina.startup.VersionLoggerListener.log Command line argument: -Dcatalina.base=/Users/patricksilvestre/Downloads/apache-tomcat-9.0.24
23-Sep-2019 19:10:15.444 INFO [main] org.apache.catalina.startup.VersionLoggerListener.log Command line argument: -Dcatalina.home=/Users/patricksilvestre/Downloads/apache-tomcat-9.0.24
23-Sep-2019 19:10:15.444 INFO [main] org.apache.catalina.startup.VersionLoggerListener.log Command line argument: -Djava.io.tmpdir=/Users/patricksilvestre/Downloads/apache-tomcat-9.0.24/temp
23-Sep-2019 19:10:15.445 INFO [main] org.apache.catalina.core.AprLifecycleListener.lifecycleEvent The APR based Apache Tomcat Native library which allows optimal performance in production environments was not found on the java.library.path: [/Users/patricksilvestre/Library/Java/Extensions:/Library/Java/Extensions:/Network/Library/Java/Extensions:/System/Library/Java/Extensions:/usr/lib/java:.]
23-Sep-2019 19:10:15.629 INFO [main] org.apache.coyote.AbstractProtocol.init Initializing ProtocolHandler ["http-nio-8080"]
23-Sep-2019 19:10:15.647 INFO [main] org.apache.coyote.AbstractProtocol.init Initializing ProtocolHandler ["ajp-nio-8009"]
23-Sep-2019 19:10:15.649 INFO [main] org.apache.catalina.startup.Catalina.load Server initialization in [323] milliseconds
23-Sep-2019 19:10:15.663 INFO [main] org.apache.catalina.core.StandardService.startInternal Starting service [Catalina]
23-Sep-2019 19:10:15.663 INFO [main] org.apache.catalina.core.StandardEngine.startInternal Starting Servlet engine: [Apache Tomcat/9.0.24]
23-Sep-2019 19:10:15.669 INFO [main] org.apache.catalina.startup.HostConfig.deployDirectory Deploying web application directory [/Users/patricksilvestre/Downloads/apache-tomcat-9.0.24/webapps/docs]
23-Sep-2019 19:10:15.806 INFO [main] org.apache.catalina.startup.HostConfig.deployDirectory Deployment of web application directory [/Users/patricksilvestre/Downloads/apache-tomcat-9.0.24/webapps/docs] has finished in [136] ms
23-Sep-2019 19:10:15.807 INFO [main] org.apache.catalina.startup.HostConfig.deployDirectory Deploying web application directory [/Users/patricksilvestre/Downloads/apache-tomcat-9.0.24/webapps/manager]
23-Sep-2019 19:10:15.826 INFO [main] org.apache.catalina.startup.HostConfig.deployDirectory Deployment of web application directory [/Users/patricksilvestre/Downloads/apache-tomcat-9.0.24/webapps/manager] has finished in [20] ms
23-Sep-2019 19:10:15.827 INFO [main] org.apache.catalina.startup.HostConfig.deployDirectory Deploying web application directory [/Users/patricksilvestre/Downloads/apache-tomcat-9.0.24/webapps/examples]
23-Sep-2019 19:10:15.990 INFO [main] org.apache.catalina.startup.HostConfig.deployDirectory Deployment of web application directory [/Users/patricksilvestre/Downloads/apache-tomcat-9.0.24/webapps/examples] has finished in [164] ms
23-Sep-2019 19:10:15.990 INFO [main] org.apache.catalina.startup.HostConfig.deployDirectory Deploying web application directory [/Users/patricksilvestre/Downloads/apache-tomcat-9.0.24/webapps/ROOT]
23-Sep-2019 19:10:16.006 INFO [main] org.apache.catalina.startup.HostConfig.deployDirectory Deployment of web application directory [/Users/patricksilvestre/Downloads/apache-tomcat-9.0.24/webapps/ROOT] has finished in [16] ms
23-Sep-2019 19:10:16.007 INFO [main] org.apache.catalina.startup.HostConfig.deployDirectory Deploying web application directory [/Users/patricksilvestre/Downloads/apache-tomcat-9.0.24/webapps/host-manager]
23-Sep-2019 19:10:16.017 INFO [main] org.apache.catalina.startup.HostConfig.deployDirectory Deployment of web application directory [/Users/patricksilvestre/Downloads/apache-tomcat-9.0.24/webapps/host-manager] has finished in [10] ms
23-Sep-2019 19:10:16.019 INFO [main] org.apache.coyote.AbstractProtocol.start Starting ProtocolHandler ["http-nio-8080"]
23-Sep-2019 19:10:16.024 INFO [main] org.apache.coyote.AbstractProtocol.start Starting ProtocolHandler ["ajp-nio-8009"]
23-Sep-2019 19:10:16.025 INFO [main] org.apache.catalina.startup.Catalina.start Server startup in [376] milliseconds
23-Sep-2019 19:10:19.344 INFO [main] org.apache.catalina.core.StandardServer.await A valid shutdown command was received via the shutdown port. Stopping the Server instance.
23-Sep-2019 19:10:19.345 INFO [main] org.apache.coyote.AbstractProtocol.pause Pausing ProtocolHandler ["http-nio-8080"]
23-Sep-2019 19:10:19.354 INFO [main] org.apache.coyote.AbstractProtocol.pause Pausing ProtocolHandler ["ajp-nio-8009"]
23-Sep-2019 19:10:19.360 INFO [main] org.apache.catalina.core.StandardService.stopInternal Stopping service [Catalina]
23-Sep-2019 19:10:19.373 INFO [main] org.apache.coyote.AbstractProtocol.stop Stopping ProtocolHandler ["http-nio-8080"]
23-Sep-2019 19:10:19.374 INFO [main] org.apache.coyote.AbstractProtocol.stop Stopping ProtocolHandler ["ajp-nio-8009"]
23-Sep-2019 19:10:19.375 INFO [main] org.apache.coyote.AbstractProtocol.destroy Destroying ProtocolHandler ["http-nio-8080"]
23-Sep-2019 19:10:19.375 INFO [main] org.apache.coyote.AbstractProtocol.destroy Destroying ProtocolHandler ["ajp-nio-8009"]
