14-Sep-2019 17:55:01.513 INFO [main] org.apache.catalina.startup.VersionLoggerListener.log Server version name:   Apache Tomcat/9.0.24
14-Sep-2019 17:55:01.514 INFO [main] org.apache.catalina.startup.VersionLoggerListener.log Server built:          Aug 14 2019 21:16:42 UTC
14-Sep-2019 17:55:01.514 INFO [main] org.apache.catalina.startup.VersionLoggerListener.log Server version number: 9.0.24.0
14-Sep-2019 17:55:01.514 INFO [main] org.apache.catalina.startup.VersionLoggerListener.log OS Name:               Mac OS X
14-Sep-2019 17:55:01.514 INFO [main] org.apache.catalina.startup.VersionLoggerListener.log OS Version:            10.14.6
14-Sep-2019 17:55:01.514 INFO [main] org.apache.catalina.startup.VersionLoggerListener.log Architecture:          x86_64
14-Sep-2019 17:55:01.514 INFO [main] org.apache.catalina.startup.VersionLoggerListener.log Java Home:             /Library/Java/JavaVirtualMachines/jdk1.8.0_201.jdk/Contents/Home/jre
14-Sep-2019 17:55:01.514 INFO [main] org.apache.catalina.startup.VersionLoggerListener.log JVM Version:           1.8.0_201-b09
14-Sep-2019 17:55:01.515 INFO [main] org.apache.catalina.startup.VersionLoggerListener.log JVM Vendor:            Oracle Corporation
14-Sep-2019 17:55:01.515 INFO [main] org.apache.catalina.startup.VersionLoggerListener.log CATALINA_BASE:         /Users/patricksilvestre/Downloads/apache-tomcat-9.0.24
14-Sep-2019 17:55:01.515 INFO [main] org.apache.catalina.startup.VersionLoggerListener.log CATALINA_HOME:         /Users/patricksilvestre/Downloads/apache-tomcat-9.0.24
14-Sep-2019 17:55:01.518 INFO [main] org.apache.catalina.startup.VersionLoggerListener.log Command line argument: -Djava.util.logging.config.file=/Users/patricksilvestre/downloads/apache-tomcat-9.0.24/conf/logging.properties
14-Sep-2019 17:55:01.518 INFO [main] org.apache.catalina.startup.VersionLoggerListener.log Command line argument: -Djava.util.logging.manager=org.apache.juli.ClassLoaderLogManager
14-Sep-2019 17:55:01.518 INFO [main] org.apache.catalina.startup.VersionLoggerListener.log Command line argument: -Djdk.tls.ephemeralDHKeySize=2048
14-Sep-2019 17:55:01.518 INFO [main] org.apache.catalina.startup.VersionLoggerListener.log Command line argument: -Djava.protocol.handler.pkgs=org.apache.catalina.webresources
14-Sep-2019 17:55:01.518 INFO [main] org.apache.catalina.startup.VersionLoggerListener.log Command line argument: -Dorg.apache.catalina.security.SecurityListener.UMASK=0027
14-Sep-2019 17:55:01.518 INFO [main] org.apache.catalina.startup.VersionLoggerListener.log Command line argument: -Dignore.endorsed.dirs=
14-Sep-2019 17:55:01.518 INFO [main] org.apache.catalina.startup.VersionLoggerListener.log Command line argument: -Dcatalina.base=/Users/patricksilvestre/downloads/apache-tomcat-9.0.24
14-Sep-2019 17:55:01.519 INFO [main] org.apache.catalina.startup.VersionLoggerListener.log Command line argument: -Dcatalina.home=/Users/patricksilvestre/downloads/apache-tomcat-9.0.24
14-Sep-2019 17:55:01.519 INFO [main] org.apache.catalina.startup.VersionLoggerListener.log Command line argument: -Djava.io.tmpdir=/Users/patricksilvestre/downloads/apache-tomcat-9.0.24/temp
14-Sep-2019 17:55:01.519 INFO [main] org.apache.catalina.core.AprLifecycleListener.lifecycleEvent The APR based Apache Tomcat Native library which allows optimal performance in production environments was not found on the java.library.path: [/Users/patricksilvestre/Library/Java/Extensions:/Library/Java/Extensions:/Network/Library/Java/Extensions:/System/Library/Java/Extensions:/usr/lib/java:.]
14-Sep-2019 17:55:01.709 INFO [main] org.apache.coyote.AbstractProtocol.init Initializing ProtocolHandler ["http-nio-8080"]
14-Sep-2019 17:55:01.724 SEVERE [main] org.apache.catalina.util.LifecycleBase.handleSubClassException Failed to initialize component [Connector[HTTP/1.1-8080]]
	org.apache.catalina.LifecycleException: Protocol handler initialization failed
		at org.apache.catalina.connector.Connector.initInternal(Connector.java:983)
		at org.apache.catalina.util.LifecycleBase.init(LifecycleBase.java:136)
		at org.apache.catalina.core.StandardService.initInternal(StandardService.java:533)
		at org.apache.catalina.util.LifecycleBase.init(LifecycleBase.java:136)
		at org.apache.catalina.core.StandardServer.initInternal(StandardServer.java:1059)
		at org.apache.catalina.util.LifecycleBase.init(LifecycleBase.java:136)
		at org.apache.catalina.startup.Catalina.load(Catalina.java:584)
		at org.apache.catalina.startup.Catalina.load(Catalina.java:607)
		at sun.reflect.NativeMethodAccessorImpl.invoke0(Native Method)
		at sun.reflect.NativeMethodAccessorImpl.invoke(NativeMethodAccessorImpl.java:62)
		at sun.reflect.DelegatingMethodAccessorImpl.invoke(DelegatingMethodAccessorImpl.java:43)
		at java.lang.reflect.Method.invoke(Method.java:498)
		at org.apache.catalina.startup.Bootstrap.load(Bootstrap.java:304)
		at org.apache.catalina.startup.Bootstrap.main(Bootstrap.java:474)
	Caused by: java.net.BindException: Address already in use
		at sun.nio.ch.Net.bind0(Native Method)
		at sun.nio.ch.Net.bind(Net.java:433)
		at sun.nio.ch.Net.bind(Net.java:425)
		at sun.nio.ch.ServerSocketChannelImpl.bind(ServerSocketChannelImpl.java:223)
		at sun.nio.ch.ServerSocketAdaptor.bind(ServerSocketAdaptor.java:74)
		at org.apache.tomcat.util.net.NioEndpoint.initServerSocket(NioEndpoint.java:230)
		at org.apache.tomcat.util.net.NioEndpoint.bind(NioEndpoint.java:213)
		at org.apache.tomcat.util.net.AbstractEndpoint.bindWithCleanup(AbstractEndpoint.java:1124)
		at org.apache.tomcat.util.net.AbstractEndpoint.init(AbstractEndpoint.java:1137)
		at org.apache.coyote.AbstractProtocol.init(AbstractProtocol.java:574)
		at org.apache.coyote.http11.AbstractHttp11Protocol.init(AbstractHttp11Protocol.java:74)
		at org.apache.catalina.connector.Connector.initInternal(Connector.java:980)
		... 13 more
14-Sep-2019 17:55:01.725 INFO [main] org.apache.coyote.AbstractProtocol.init Initializing ProtocolHandler ["ajp-nio-8009"]
14-Sep-2019 17:55:01.726 SEVERE [main] org.apache.catalina.util.LifecycleBase.handleSubClassException Failed to initialize component [Connector[AJP/1.3-8009]]
	org.apache.catalina.LifecycleException: Protocol handler initialization failed
		at org.apache.catalina.connector.Connector.initInternal(Connector.java:983)
		at org.apache.catalina.util.LifecycleBase.init(LifecycleBase.java:136)
		at org.apache.catalina.core.StandardService.initInternal(StandardService.java:533)
		at org.apache.catalina.util.LifecycleBase.init(LifecycleBase.java:136)
		at org.apache.catalina.core.StandardServer.initInternal(StandardServer.java:1059)
		at org.apache.catalina.util.LifecycleBase.init(LifecycleBase.java:136)
		at org.apache.catalina.startup.Catalina.load(Catalina.java:584)
		at org.apache.catalina.startup.Catalina.load(Catalina.java:607)
		at sun.reflect.NativeMethodAccessorImpl.invoke0(Native Method)
		at sun.reflect.NativeMethodAccessorImpl.invoke(NativeMethodAccessorImpl.java:62)
		at sun.reflect.DelegatingMethodAccessorImpl.invoke(DelegatingMethodAccessorImpl.java:43)
		at java.lang.reflect.Method.invoke(Method.java:498)
		at org.apache.catalina.startup.Bootstrap.load(Bootstrap.java:304)
		at org.apache.catalina.startup.Bootstrap.main(Bootstrap.java:474)
	Caused by: java.net.BindException: Address already in use
		at sun.nio.ch.Net.bind0(Native Method)
		at sun.nio.ch.Net.bind(Net.java:433)
		at sun.nio.ch.Net.bind(Net.java:425)
		at sun.nio.ch.ServerSocketChannelImpl.bind(ServerSocketChannelImpl.java:223)
		at sun.nio.ch.ServerSocketAdaptor.bind(ServerSocketAdaptor.java:74)
		at org.apache.tomcat.util.net.NioEndpoint.initServerSocket(NioEndpoint.java:230)
		at org.apache.tomcat.util.net.NioEndpoint.bind(NioEndpoint.java:213)
		at org.apache.tomcat.util.net.AbstractEndpoint.bindWithCleanup(AbstractEndpoint.java:1124)
		at org.apache.tomcat.util.net.AbstractEndpoint.init(AbstractEndpoint.java:1137)
		at org.apache.coyote.AbstractProtocol.init(AbstractProtocol.java:574)
		at org.apache.catalina.connector.Connector.initInternal(Connector.java:980)
		... 13 more
14-Sep-2019 17:55:01.727 INFO [main] org.apache.catalina.startup.Catalina.load Server initialization in [326] milliseconds
14-Sep-2019 17:55:01.741 INFO [main] org.apache.catalina.core.StandardService.startInternal Starting service [Catalina]
14-Sep-2019 17:55:01.741 INFO [main] org.apache.catalina.core.StandardEngine.startInternal Starting Servlet engine: [Apache Tomcat/9.0.24]
14-Sep-2019 17:55:01.747 INFO [main] org.apache.catalina.startup.HostConfig.deployDirectory Deploying web application directory [/Users/patricksilvestre/Downloads/apache-tomcat-9.0.24/webapps/docs]
14-Sep-2019 17:55:01.893 INFO [main] org.apache.catalina.startup.HostConfig.deployDirectory Deployment of web application directory [/Users/patricksilvestre/Downloads/apache-tomcat-9.0.24/webapps/docs] has finished in [147] ms
14-Sep-2019 17:55:01.893 INFO [main] org.apache.catalina.startup.HostConfig.deployDirectory Deploying web application directory [/Users/patricksilvestre/Downloads/apache-tomcat-9.0.24/webapps/manager]
14-Sep-2019 17:55:01.912 INFO [main] org.apache.catalina.startup.HostConfig.deployDirectory Deployment of web application directory [/Users/patricksilvestre/Downloads/apache-tomcat-9.0.24/webapps/manager] has finished in [19] ms
14-Sep-2019 17:55:01.913 INFO [main] org.apache.catalina.startup.HostConfig.deployDirectory Deploying web application directory [/Users/patricksilvestre/Downloads/apache-tomcat-9.0.24/webapps/examples]
14-Sep-2019 17:55:02.061 INFO [main] org.apache.catalina.startup.HostConfig.deployDirectory Deployment of web application directory [/Users/patricksilvestre/Downloads/apache-tomcat-9.0.24/webapps/examples] has finished in [148] ms
14-Sep-2019 17:55:02.061 INFO [main] org.apache.catalina.startup.HostConfig.deployDirectory Deploying web application directory [/Users/patricksilvestre/Downloads/apache-tomcat-9.0.24/webapps/ROOT]
14-Sep-2019 17:55:02.070 INFO [main] org.apache.catalina.startup.HostConfig.deployDirectory Deployment of web application directory [/Users/patricksilvestre/Downloads/apache-tomcat-9.0.24/webapps/ROOT] has finished in [9] ms
14-Sep-2019 17:55:02.070 INFO [main] org.apache.catalina.startup.HostConfig.deployDirectory Deploying web application directory [/Users/patricksilvestre/Downloads/apache-tomcat-9.0.24/webapps/host-manager]
14-Sep-2019 17:55:02.081 INFO [main] org.apache.catalina.startup.HostConfig.deployDirectory Deployment of web application directory [/Users/patricksilvestre/Downloads/apache-tomcat-9.0.24/webapps/host-manager] has finished in [11] ms
14-Sep-2019 17:55:02.084 INFO [main] org.apache.catalina.startup.Catalina.start Server startup in [356] milliseconds
14-Sep-2019 17:55:02.087 SEVERE [main] org.apache.catalina.core.StandardServer.await Failed to create server shutdown socket on address [localhost] and port [8005] (base port [8005] and offset [0])
	java.net.BindException: Address already in use (Bind failed)
		at java.net.PlainSocketImpl.socketBind(Native Method)
		at java.net.AbstractPlainSocketImpl.bind(AbstractPlainSocketImpl.java:387)
		at java.net.ServerSocket.bind(ServerSocket.java:375)
		at java.net.ServerSocket.<init>(ServerSocket.java:237)
		at org.apache.catalina.core.StandardServer.await(StandardServer.java:584)
		at org.apache.catalina.startup.Catalina.await(Catalina.java:721)
		at org.apache.catalina.startup.Catalina.start(Catalina.java:667)
		at sun.reflect.NativeMethodAccessorImpl.invoke0(Native Method)
		at sun.reflect.NativeMethodAccessorImpl.invoke(NativeMethodAccessorImpl.java:62)
		at sun.reflect.DelegatingMethodAccessorImpl.invoke(DelegatingMethodAccessorImpl.java:43)
		at java.lang.reflect.Method.invoke(Method.java:498)
		at org.apache.catalina.startup.Bootstrap.start(Bootstrap.java:344)
		at org.apache.catalina.startup.Bootstrap.main(Bootstrap.java:475)
14-Sep-2019 17:55:02.087 INFO [main] org.apache.coyote.AbstractProtocol.pause Pausing ProtocolHandler ["http-nio-8080"]
14-Sep-2019 17:55:02.087 INFO [main] org.apache.coyote.AbstractProtocol.pause Pausing ProtocolHandler ["ajp-nio-8009"]
14-Sep-2019 17:55:02.087 INFO [main] org.apache.catalina.core.StandardService.stopInternal Stopping service [Catalina]
14-Sep-2019 17:55:02.098 INFO [main] org.apache.coyote.AbstractProtocol.stop Stopping ProtocolHandler ["http-nio-8080"]
14-Sep-2019 17:55:02.098 INFO [main] org.apache.coyote.AbstractProtocol.destroy Destroying ProtocolHandler ["http-nio-8080"]
14-Sep-2019 17:55:02.098 INFO [main] org.apache.coyote.AbstractProtocol.stop Stopping ProtocolHandler ["ajp-nio-8009"]
14-Sep-2019 17:55:02.098 INFO [main] org.apache.coyote.AbstractProtocol.destroy Destroying ProtocolHandler ["ajp-nio-8009"]
14-Sep-2019 17:57:51.419 INFO [main] org.apache.catalina.startup.VersionLoggerListener.log Server version name:   Apache Tomcat/9.0.24
14-Sep-2019 17:57:51.426 INFO [main] org.apache.catalina.startup.VersionLoggerListener.log Server built:          Aug 14 2019 21:16:42 UTC
14-Sep-2019 17:57:51.426 INFO [main] org.apache.catalina.startup.VersionLoggerListener.log Server version number: 9.0.24.0
14-Sep-2019 17:57:51.426 INFO [main] org.apache.catalina.startup.VersionLoggerListener.log OS Name:               Mac OS X
14-Sep-2019 17:57:51.426 INFO [main] org.apache.catalina.startup.VersionLoggerListener.log OS Version:            10.14.6
14-Sep-2019 17:57:51.426 INFO [main] org.apache.catalina.startup.VersionLoggerListener.log Architecture:          x86_64
14-Sep-2019 17:57:51.426 INFO [main] org.apache.catalina.startup.VersionLoggerListener.log Java Home:             /Library/Java/JavaVirtualMachines/jdk1.8.0_201.jdk/Contents/Home/jre
14-Sep-2019 17:57:51.426 INFO [main] org.apache.catalina.startup.VersionLoggerListener.log JVM Version:           1.8.0_201-b09
14-Sep-2019 17:57:51.427 INFO [main] org.apache.catalina.startup.VersionLoggerListener.log JVM Vendor:            Oracle Corporation
14-Sep-2019 17:57:51.427 INFO [main] org.apache.catalina.startup.VersionLoggerListener.log CATALINA_BASE:         /Users/patricksilvestre/Downloads/apache-tomcat-9.0.24
14-Sep-2019 17:57:51.427 INFO [main] org.apache.catalina.startup.VersionLoggerListener.log CATALINA_HOME:         /Users/patricksilvestre/Downloads/apache-tomcat-9.0.24
14-Sep-2019 17:57:51.437 INFO [main] org.apache.catalina.startup.VersionLoggerListener.log Command line argument: -Djava.util.logging.config.file=/Users/patricksilvestre/Downloads/apache-tomcat-9.0.24/conf/logging.properties
14-Sep-2019 17:57:51.437 INFO [main] org.apache.catalina.startup.VersionLoggerListener.log Command line argument: -Djava.util.logging.manager=org.apache.juli.ClassLoaderLogManager
14-Sep-2019 17:57:51.437 INFO [main] org.apache.catalina.startup.VersionLoggerListener.log Command line argument: -Djdk.tls.ephemeralDHKeySize=2048
14-Sep-2019 17:57:51.437 INFO [main] org.apache.catalina.startup.VersionLoggerListener.log Command line argument: -Djava.protocol.handler.pkgs=org.apache.catalina.webresources
14-Sep-2019 17:57:51.437 INFO [main] org.apache.catalina.startup.VersionLoggerListener.log Command line argument: -Dorg.apache.catalina.security.SecurityListener.UMASK=0027
14-Sep-2019 17:57:51.437 INFO [main] org.apache.catalina.startup.VersionLoggerListener.log Command line argument: -Dignore.endorsed.dirs=
14-Sep-2019 17:57:51.437 INFO [main] org.apache.catalina.startup.VersionLoggerListener.log Command line argument: -Dcatalina.base=/Users/patricksilvestre/Downloads/apache-tomcat-9.0.24
14-Sep-2019 17:57:51.437 INFO [main] org.apache.catalina.startup.VersionLoggerListener.log Command line argument: -Dcatalina.home=/Users/patricksilvestre/Downloads/apache-tomcat-9.0.24
14-Sep-2019 17:57:51.437 INFO [main] org.apache.catalina.startup.VersionLoggerListener.log Command line argument: -Djava.io.tmpdir=/Users/patricksilvestre/Downloads/apache-tomcat-9.0.24/temp
14-Sep-2019 17:57:51.437 INFO [main] org.apache.catalina.core.AprLifecycleListener.lifecycleEvent The APR based Apache Tomcat Native library which allows optimal performance in production environments was not found on the java.library.path: [/Users/patricksilvestre/Library/Java/Extensions:/Library/Java/Extensions:/Network/Library/Java/Extensions:/System/Library/Java/Extensions:/usr/lib/java:.]
14-Sep-2019 17:57:51.732 INFO [main] org.apache.coyote.AbstractProtocol.init Initializing ProtocolHandler ["http-nio-8080"]
14-Sep-2019 17:57:51.769 INFO [main] org.apache.coyote.AbstractProtocol.init Initializing ProtocolHandler ["ajp-nio-8009"]
14-Sep-2019 17:57:51.770 INFO [main] org.apache.catalina.startup.Catalina.load Server initialization in [531] milliseconds
14-Sep-2019 17:57:51.796 INFO [main] org.apache.catalina.core.StandardService.startInternal Starting service [Catalina]
14-Sep-2019 17:57:51.796 INFO [main] org.apache.catalina.core.StandardEngine.startInternal Starting Servlet engine: [Apache Tomcat/9.0.24]
14-Sep-2019 17:57:51.804 INFO [main] org.apache.catalina.startup.HostConfig.deployDirectory Deploying web application directory [/Users/patricksilvestre/Downloads/apache-tomcat-9.0.24/webapps/docs]
14-Sep-2019 17:57:51.990 INFO [main] org.apache.catalina.startup.HostConfig.deployDirectory Deployment of web application directory [/Users/patricksilvestre/Downloads/apache-tomcat-9.0.24/webapps/docs] has finished in [187] ms
14-Sep-2019 17:57:51.991 INFO [main] org.apache.catalina.startup.HostConfig.deployDirectory Deploying web application directory [/Users/patricksilvestre/Downloads/apache-tomcat-9.0.24/webapps/manager]
14-Sep-2019 17:57:52.011 INFO [main] org.apache.catalina.startup.HostConfig.deployDirectory Deployment of web application directory [/Users/patricksilvestre/Downloads/apache-tomcat-9.0.24/webapps/manager] has finished in [21] ms
14-Sep-2019 17:57:52.012 INFO [main] org.apache.catalina.startup.HostConfig.deployDirectory Deploying web application directory [/Users/patricksilvestre/Downloads/apache-tomcat-9.0.24/webapps/examples]
14-Sep-2019 17:57:52.190 INFO [main] org.apache.catalina.startup.HostConfig.deployDirectory Deployment of web application directory [/Users/patricksilvestre/Downloads/apache-tomcat-9.0.24/webapps/examples] has finished in [177] ms
14-Sep-2019 17:57:52.190 INFO [main] org.apache.catalina.startup.HostConfig.deployDirectory Deploying web application directory [/Users/patricksilvestre/Downloads/apache-tomcat-9.0.24/webapps/ROOT]
14-Sep-2019 17:57:52.199 INFO [main] org.apache.catalina.startup.HostConfig.deployDirectory Deployment of web application directory [/Users/patricksilvestre/Downloads/apache-tomcat-9.0.24/webapps/ROOT] has finished in [8] ms
14-Sep-2019 17:57:52.199 INFO [main] org.apache.catalina.startup.HostConfig.deployDirectory Deploying web application directory [/Users/patricksilvestre/Downloads/apache-tomcat-9.0.24/webapps/host-manager]
14-Sep-2019 17:57:52.210 INFO [main] org.apache.catalina.startup.HostConfig.deployDirectory Deployment of web application directory [/Users/patricksilvestre/Downloads/apache-tomcat-9.0.24/webapps/host-manager] has finished in [11] ms
14-Sep-2019 17:57:52.212 INFO [main] org.apache.coyote.AbstractProtocol.start Starting ProtocolHandler ["http-nio-8080"]
14-Sep-2019 17:57:52.217 INFO [main] org.apache.coyote.AbstractProtocol.start Starting ProtocolHandler ["ajp-nio-8009"]
14-Sep-2019 17:57:52.218 INFO [main] org.apache.catalina.startup.Catalina.start Server startup in [447] milliseconds
14-Sep-2019 17:58:33.147 INFO [main] org.apache.catalina.core.StandardServer.await A valid shutdown command was received via the shutdown port. Stopping the Server instance.
14-Sep-2019 17:58:33.148 INFO [main] org.apache.coyote.AbstractProtocol.pause Pausing ProtocolHandler ["http-nio-8080"]
14-Sep-2019 17:58:33.156 INFO [main] org.apache.coyote.AbstractProtocol.pause Pausing ProtocolHandler ["ajp-nio-8009"]
14-Sep-2019 17:58:33.163 INFO [main] org.apache.catalina.core.StandardService.stopInternal Stopping service [Catalina]
14-Sep-2019 17:58:33.180 INFO [main] org.apache.coyote.AbstractProtocol.stop Stopping ProtocolHandler ["http-nio-8080"]
14-Sep-2019 17:58:33.181 INFO [main] org.apache.coyote.AbstractProtocol.stop Stopping ProtocolHandler ["ajp-nio-8009"]
14-Sep-2019 17:58:33.182 INFO [main] org.apache.coyote.AbstractProtocol.destroy Destroying ProtocolHandler ["http-nio-8080"]
14-Sep-2019 17:58:33.182 INFO [main] org.apache.coyote.AbstractProtocol.destroy Destroying ProtocolHandler ["ajp-nio-8009"]
14-Sep-2019 18:06:35.314 INFO [main] org.apache.catalina.startup.VersionLoggerListener.log Server version name:   Apache Tomcat/9.0.24
14-Sep-2019 18:06:35.315 INFO [main] org.apache.catalina.startup.VersionLoggerListener.log Server built:          Aug 14 2019 21:16:42 UTC
14-Sep-2019 18:06:35.315 INFO [main] org.apache.catalina.startup.VersionLoggerListener.log Server version number: 9.0.24.0
14-Sep-2019 18:06:35.315 INFO [main] org.apache.catalina.startup.VersionLoggerListener.log OS Name:               Mac OS X
14-Sep-2019 18:06:35.315 INFO [main] org.apache.catalina.startup.VersionLoggerListener.log OS Version:            10.14.6
14-Sep-2019 18:06:35.315 INFO [main] org.apache.catalina.startup.VersionLoggerListener.log Architecture:          x86_64
14-Sep-2019 18:06:35.315 INFO [main] org.apache.catalina.startup.VersionLoggerListener.log Java Home:             /Library/Java/JavaVirtualMachines/jdk1.8.0_201.jdk/Contents/Home/jre
14-Sep-2019 18:06:35.315 INFO [main] org.apache.catalina.startup.VersionLoggerListener.log JVM Version:           1.8.0_201-b09
14-Sep-2019 18:06:35.315 INFO [main] org.apache.catalina.startup.VersionLoggerListener.log JVM Vendor:            Oracle Corporation
14-Sep-2019 18:06:35.315 INFO [main] org.apache.catalina.startup.VersionLoggerListener.log CATALINA_BASE:         /Users/patricksilvestre/Downloads/apache-tomcat-9.0.24
14-Sep-2019 18:06:35.315 INFO [main] org.apache.catalina.startup.VersionLoggerListener.log CATALINA_HOME:         /Users/patricksilvestre/Downloads/apache-tomcat-9.0.24
14-Sep-2019 18:06:35.319 INFO [main] org.apache.catalina.startup.VersionLoggerListener.log Command line argument: -Djava.util.logging.config.file=/Users/patricksilvestre/Downloads/apache-tomcat-9.0.24/conf/logging.properties
14-Sep-2019 18:06:35.319 INFO [main] org.apache.catalina.startup.VersionLoggerListener.log Command line argument: -Djava.util.logging.manager=org.apache.juli.ClassLoaderLogManager
14-Sep-2019 18:06:35.319 INFO [main] org.apache.catalina.startup.VersionLoggerListener.log Command line argument: -Djdk.tls.ephemeralDHKeySize=2048
14-Sep-2019 18:06:35.319 INFO [main] org.apache.catalina.startup.VersionLoggerListener.log Command line argument: -Djava.protocol.handler.pkgs=org.apache.catalina.webresources
14-Sep-2019 18:06:35.319 INFO [main] org.apache.catalina.startup.VersionLoggerListener.log Command line argument: -Dorg.apache.catalina.security.SecurityListener.UMASK=0027
14-Sep-2019 18:06:35.319 INFO [main] org.apache.catalina.startup.VersionLoggerListener.log Command line argument: -Dignore.endorsed.dirs=
14-Sep-2019 18:06:35.319 INFO [main] org.apache.catalina.startup.VersionLoggerListener.log Command line argument: -Dcatalina.base=/Users/patricksilvestre/Downloads/apache-tomcat-9.0.24
14-Sep-2019 18:06:35.319 INFO [main] org.apache.catalina.startup.VersionLoggerListener.log Command line argument: -Dcatalina.home=/Users/patricksilvestre/Downloads/apache-tomcat-9.0.24
14-Sep-2019 18:06:35.319 INFO [main] org.apache.catalina.startup.VersionLoggerListener.log Command line argument: -Djava.io.tmpdir=/Users/patricksilvestre/Downloads/apache-tomcat-9.0.24/temp
14-Sep-2019 18:06:35.319 INFO [main] org.apache.catalina.core.AprLifecycleListener.lifecycleEvent The APR based Apache Tomcat Native library which allows optimal performance in production environments was not found on the java.library.path: [/Users/patricksilvestre/Library/Java/Extensions:/Library/Java/Extensions:/Network/Library/Java/Extensions:/System/Library/Java/Extensions:/usr/lib/java:.]
14-Sep-2019 18:06:35.505 INFO [main] org.apache.coyote.AbstractProtocol.init Initializing ProtocolHandler ["http-nio-8080"]
14-Sep-2019 18:06:35.523 INFO [main] org.apache.coyote.AbstractProtocol.init Initializing ProtocolHandler ["ajp-nio-8009"]
14-Sep-2019 18:06:35.524 INFO [main] org.apache.catalina.startup.Catalina.load Server initialization in [322] milliseconds
14-Sep-2019 18:06:35.539 INFO [main] org.apache.catalina.core.StandardService.startInternal Starting service [Catalina]
14-Sep-2019 18:06:35.539 INFO [main] org.apache.catalina.core.StandardEngine.startInternal Starting Servlet engine: [Apache Tomcat/9.0.24]
14-Sep-2019 18:06:35.544 INFO [main] org.apache.catalina.startup.HostConfig.deployDirectory Deploying web application directory [/Users/patricksilvestre/Downloads/apache-tomcat-9.0.24/webapps/docs]
14-Sep-2019 18:06:35.680 INFO [main] org.apache.catalina.startup.HostConfig.deployDirectory Deployment of web application directory [/Users/patricksilvestre/Downloads/apache-tomcat-9.0.24/webapps/docs] has finished in [135] ms
14-Sep-2019 18:06:35.680 INFO [main] org.apache.catalina.startup.HostConfig.deployDirectory Deploying web application directory [/Users/patricksilvestre/Downloads/apache-tomcat-9.0.24/webapps/manager]
14-Sep-2019 18:06:35.698 INFO [main] org.apache.catalina.startup.HostConfig.deployDirectory Deployment of web application directory [/Users/patricksilvestre/Downloads/apache-tomcat-9.0.24/webapps/manager] has finished in [18] ms
14-Sep-2019 18:06:35.698 INFO [main] org.apache.catalina.startup.HostConfig.deployDirectory Deploying web application directory [/Users/patricksilvestre/Downloads/apache-tomcat-9.0.24/webapps/examples]
14-Sep-2019 18:06:35.832 INFO [main] org.apache.catalina.startup.HostConfig.deployDirectory Deployment of web application directory [/Users/patricksilvestre/Downloads/apache-tomcat-9.0.24/webapps/examples] has finished in [133] ms
14-Sep-2019 18:06:35.832 INFO [main] org.apache.catalina.startup.HostConfig.deployDirectory Deploying web application directory [/Users/patricksilvestre/Downloads/apache-tomcat-9.0.24/webapps/ROOT]
14-Sep-2019 18:06:35.840 INFO [main] org.apache.catalina.startup.HostConfig.deployDirectory Deployment of web application directory [/Users/patricksilvestre/Downloads/apache-tomcat-9.0.24/webapps/ROOT] has finished in [8] ms
14-Sep-2019 18:06:35.840 INFO [main] org.apache.catalina.startup.HostConfig.deployDirectory Deploying web application directory [/Users/patricksilvestre/Downloads/apache-tomcat-9.0.24/webapps/host-manager]
14-Sep-2019 18:06:35.849 INFO [main] org.apache.catalina.startup.HostConfig.deployDirectory Deployment of web application directory [/Users/patricksilvestre/Downloads/apache-tomcat-9.0.24/webapps/host-manager] has finished in [9] ms
14-Sep-2019 18:06:35.851 INFO [main] org.apache.coyote.AbstractProtocol.start Starting ProtocolHandler ["http-nio-8080"]
14-Sep-2019 18:06:35.855 INFO [main] org.apache.coyote.AbstractProtocol.start Starting ProtocolHandler ["ajp-nio-8009"]
14-Sep-2019 18:06:35.856 INFO [main] org.apache.catalina.startup.Catalina.start Server startup in [331] milliseconds
Loading class `com.mysql.jdbc.Driver'. This is deprecated. The new driver class is `com.mysql.cj.jdbc.Driver'. The driver is automatically registered via the SPI and manual loading of the driver class is generally unnecessary.
1 Supreme L
2 Kith M
1 Supreme L
2 Kith M
14-Sep-2019 18:09:30.912 INFO [main] org.apache.catalina.core.StandardServer.await A valid shutdown command was received via the shutdown port. Stopping the Server instance.
14-Sep-2019 18:09:30.912 INFO [main] org.apache.coyote.AbstractProtocol.pause Pausing ProtocolHandler ["http-nio-8080"]
14-Sep-2019 18:09:30.919 INFO [main] org.apache.coyote.AbstractProtocol.pause Pausing ProtocolHandler ["ajp-nio-8009"]
14-Sep-2019 18:09:30.924 INFO [main] org.apache.catalina.core.StandardService.stopInternal Stopping service [Catalina]
14-Sep-2019 18:09:30.942 INFO [main] org.apache.coyote.AbstractProtocol.stop Stopping ProtocolHandler ["http-nio-8080"]
14-Sep-2019 18:09:30.943 INFO [main] org.apache.coyote.AbstractProtocol.stop Stopping ProtocolHandler ["ajp-nio-8009"]
14-Sep-2019 18:09:30.943 INFO [main] org.apache.coyote.AbstractProtocol.destroy Destroying ProtocolHandler ["http-nio-8080"]
14-Sep-2019 18:09:30.943 INFO [main] org.apache.coyote.AbstractProtocol.destroy Destroying ProtocolHandler ["ajp-nio-8009"]
14-Sep-2019 18:18:18.387 INFO [main] org.apache.catalina.startup.VersionLoggerListener.log Server version name:   Apache Tomcat/9.0.24
14-Sep-2019 18:18:18.389 INFO [main] org.apache.catalina.startup.VersionLoggerListener.log Server built:          Aug 14 2019 21:16:42 UTC
14-Sep-2019 18:18:18.389 INFO [main] org.apache.catalina.startup.VersionLoggerListener.log Server version number: 9.0.24.0
14-Sep-2019 18:18:18.389 INFO [main] org.apache.catalina.startup.VersionLoggerListener.log OS Name:               Mac OS X
14-Sep-2019 18:18:18.389 INFO [main] org.apache.catalina.startup.VersionLoggerListener.log OS Version:            10.14.6
14-Sep-2019 18:18:18.389 INFO [main] org.apache.catalina.startup.VersionLoggerListener.log Architecture:          x86_64
14-Sep-2019 18:18:18.389 INFO [main] org.apache.catalina.startup.VersionLoggerListener.log Java Home:             /Library/Java/JavaVirtualMachines/jdk1.8.0_201.jdk/Contents/Home/jre
14-Sep-2019 18:18:18.389 INFO [main] org.apache.catalina.startup.VersionLoggerListener.log JVM Version:           1.8.0_201-b09
14-Sep-2019 18:18:18.389 INFO [main] org.apache.catalina.startup.VersionLoggerListener.log JVM Vendor:            Oracle Corporation
14-Sep-2019 18:18:18.389 INFO [main] org.apache.catalina.startup.VersionLoggerListener.log CATALINA_BASE:         /Users/patricksilvestre/Downloads/apache-tomcat-9.0.24
14-Sep-2019 18:18:18.389 INFO [main] org.apache.catalina.startup.VersionLoggerListener.log CATALINA_HOME:         /Users/patricksilvestre/Downloads/apache-tomcat-9.0.24
14-Sep-2019 18:18:18.393 INFO [main] org.apache.catalina.startup.VersionLoggerListener.log Command line argument: -Djava.util.logging.config.file=/Users/patricksilvestre/Downloads/apache-tomcat-9.0.24/conf/logging.properties
14-Sep-2019 18:18:18.393 INFO [main] org.apache.catalina.startup.VersionLoggerListener.log Command line argument: -Djava.util.logging.manager=org.apache.juli.ClassLoaderLogManager
14-Sep-2019 18:18:18.393 INFO [main] org.apache.catalina.startup.VersionLoggerListener.log Command line argument: -Djdk.tls.ephemeralDHKeySize=2048
14-Sep-2019 18:18:18.393 INFO [main] org.apache.catalina.startup.VersionLoggerListener.log Command line argument: -Djava.protocol.handler.pkgs=org.apache.catalina.webresources
14-Sep-2019 18:18:18.393 INFO [main] org.apache.catalina.startup.VersionLoggerListener.log Command line argument: -Dorg.apache.catalina.security.SecurityListener.UMASK=0027
14-Sep-2019 18:18:18.393 INFO [main] org.apache.catalina.startup.VersionLoggerListener.log Command line argument: -Dignore.endorsed.dirs=
14-Sep-2019 18:18:18.393 INFO [main] org.apache.catalina.startup.VersionLoggerListener.log Command line argument: -Dcatalina.base=/Users/patricksilvestre/Downloads/apache-tomcat-9.0.24
14-Sep-2019 18:18:18.393 INFO [main] org.apache.catalina.startup.VersionLoggerListener.log Command line argument: -Dcatalina.home=/Users/patricksilvestre/Downloads/apache-tomcat-9.0.24
14-Sep-2019 18:18:18.394 INFO [main] org.apache.catalina.startup.VersionLoggerListener.log Command line argument: -Djava.io.tmpdir=/Users/patricksilvestre/Downloads/apache-tomcat-9.0.24/temp
14-Sep-2019 18:18:18.394 INFO [main] org.apache.catalina.core.AprLifecycleListener.lifecycleEvent The APR based Apache Tomcat Native library which allows optimal performance in production environments was not found on the java.library.path: [/Users/patricksilvestre/Library/Java/Extensions:/Library/Java/Extensions:/Network/Library/Java/Extensions:/System/Library/Java/Extensions:/usr/lib/java:.]
14-Sep-2019 18:18:18.583 INFO [main] org.apache.coyote.AbstractProtocol.init Initializing ProtocolHandler ["http-nio-8080"]
14-Sep-2019 18:18:18.602 INFO [main] org.apache.coyote.AbstractProtocol.init Initializing ProtocolHandler ["ajp-nio-8009"]
14-Sep-2019 18:18:18.603 INFO [main] org.apache.catalina.startup.Catalina.load Server initialization in [328] milliseconds
14-Sep-2019 18:18:18.618 INFO [main] org.apache.catalina.core.StandardService.startInternal Starting service [Catalina]
14-Sep-2019 18:18:18.618 INFO [main] org.apache.catalina.core.StandardEngine.startInternal Starting Servlet engine: [Apache Tomcat/9.0.24]
14-Sep-2019 18:18:18.623 INFO [main] org.apache.catalina.startup.HostConfig.deployDirectory Deploying web application directory [/Users/patricksilvestre/Downloads/apache-tomcat-9.0.24/webapps/docs]
14-Sep-2019 18:18:18.758 INFO [main] org.apache.catalina.startup.HostConfig.deployDirectory Deployment of web application directory [/Users/patricksilvestre/Downloads/apache-tomcat-9.0.24/webapps/docs] has finished in [136] ms
14-Sep-2019 18:18:18.758 INFO [main] org.apache.catalina.startup.HostConfig.deployDirectory Deploying web application directory [/Users/patricksilvestre/Downloads/apache-tomcat-9.0.24/webapps/manager]
14-Sep-2019 18:18:18.776 INFO [main] org.apache.catalina.startup.HostConfig.deployDirectory Deployment of web application directory [/Users/patricksilvestre/Downloads/apache-tomcat-9.0.24/webapps/manager] has finished in [18] ms
14-Sep-2019 18:18:18.776 INFO [main] org.apache.catalina.startup.HostConfig.deployDirectory Deploying web application directory [/Users/patricksilvestre/Downloads/apache-tomcat-9.0.24/webapps/examples]
14-Sep-2019 18:18:18.917 INFO [main] org.apache.catalina.startup.HostConfig.deployDirectory Deployment of web application directory [/Users/patricksilvestre/Downloads/apache-tomcat-9.0.24/webapps/examples] has finished in [141] ms
14-Sep-2019 18:18:18.918 INFO [main] org.apache.catalina.startup.HostConfig.deployDirectory Deploying web application directory [/Users/patricksilvestre/Downloads/apache-tomcat-9.0.24/webapps/ROOT]
14-Sep-2019 18:18:18.934 INFO [main] org.apache.catalina.startup.HostConfig.deployDirectory Deployment of web application directory [/Users/patricksilvestre/Downloads/apache-tomcat-9.0.24/webapps/ROOT] has finished in [16] ms
14-Sep-2019 18:18:18.934 INFO [main] org.apache.catalina.startup.HostConfig.deployDirectory Deploying web application directory [/Users/patricksilvestre/Downloads/apache-tomcat-9.0.24/webapps/host-manager]
14-Sep-2019 18:18:18.944 INFO [main] org.apache.catalina.startup.HostConfig.deployDirectory Deployment of web application directory [/Users/patricksilvestre/Downloads/apache-tomcat-9.0.24/webapps/host-manager] has finished in [10] ms
14-Sep-2019 18:18:18.946 INFO [main] org.apache.coyote.AbstractProtocol.start Starting ProtocolHandler ["http-nio-8080"]
14-Sep-2019 18:18:18.950 INFO [main] org.apache.coyote.AbstractProtocol.start Starting ProtocolHandler ["ajp-nio-8009"]
14-Sep-2019 18:18:18.951 INFO [main] org.apache.catalina.startup.Catalina.start Server startup in [347] milliseconds
14-Sep-2019 18:20:59.547 WARNING [http-nio-8080-exec-6] org.apache.catalina.realm.LockOutRealm.filterLockedAccounts An attempt was made to authenticate the locked user [admin]
14-Sep-2019 18:23:04.211 WARNING [main] org.apache.catalina.core.StandardServer.await Invalid shutdown command [] received
14-Sep-2019 18:23:15.715 INFO [main] org.apache.catalina.core.StandardServer.await A valid shutdown command was received via the shutdown port. Stopping the Server instance.
14-Sep-2019 18:23:15.716 INFO [main] org.apache.coyote.AbstractProtocol.pause Pausing ProtocolHandler ["http-nio-8080"]
14-Sep-2019 18:23:15.725 INFO [main] org.apache.coyote.AbstractProtocol.pause Pausing ProtocolHandler ["ajp-nio-8009"]
14-Sep-2019 18:23:15.730 INFO [main] org.apache.catalina.core.StandardService.stopInternal Stopping service [Catalina]
14-Sep-2019 18:23:15.745 INFO [main] org.apache.coyote.AbstractProtocol.stop Stopping ProtocolHandler ["http-nio-8080"]
14-Sep-2019 18:23:15.746 INFO [main] org.apache.coyote.AbstractProtocol.stop Stopping ProtocolHandler ["ajp-nio-8009"]
14-Sep-2019 18:23:15.747 INFO [main] org.apache.coyote.AbstractProtocol.destroy Destroying ProtocolHandler ["http-nio-8080"]
14-Sep-2019 18:23:15.747 INFO [main] org.apache.coyote.AbstractProtocol.destroy Destroying ProtocolHandler ["ajp-nio-8009"]
14-Sep-2019 18:37:44.540 INFO [main] org.apache.catalina.startup.VersionLoggerListener.log Server version name:   Apache Tomcat/9.0.24
14-Sep-2019 18:37:44.545 INFO [main] org.apache.catalina.startup.VersionLoggerListener.log Server built:          Aug 14 2019 21:16:42 UTC
14-Sep-2019 18:37:44.545 INFO [main] org.apache.catalina.startup.VersionLoggerListener.log Server version number: 9.0.24.0
14-Sep-2019 18:37:44.545 INFO [main] org.apache.catalina.startup.VersionLoggerListener.log OS Name:               Mac OS X
14-Sep-2019 18:37:44.545 INFO [main] org.apache.catalina.startup.VersionLoggerListener.log OS Version:            10.14.6
14-Sep-2019 18:37:44.545 INFO [main] org.apache.catalina.startup.VersionLoggerListener.log Architecture:          x86_64
14-Sep-2019 18:37:44.545 INFO [main] org.apache.catalina.startup.VersionLoggerListener.log Java Home:             /Library/Java/JavaVirtualMachines/jdk1.8.0_201.jdk/Contents/Home/jre
14-Sep-2019 18:37:44.545 INFO [main] org.apache.catalina.startup.VersionLoggerListener.log JVM Version:           1.8.0_201-b09
14-Sep-2019 18:37:44.545 INFO [main] org.apache.catalina.startup.VersionLoggerListener.log JVM Vendor:            Oracle Corporation
14-Sep-2019 18:37:44.545 INFO [main] org.apache.catalina.startup.VersionLoggerListener.log CATALINA_BASE:         /Users/patricksilvestre/Downloads/apache-tomcat-9.0.24
14-Sep-2019 18:37:44.545 INFO [main] org.apache.catalina.startup.VersionLoggerListener.log CATALINA_HOME:         /Users/patricksilvestre/Downloads/apache-tomcat-9.0.24
14-Sep-2019 18:37:44.553 INFO [main] org.apache.catalina.startup.VersionLoggerListener.log Command line argument: -Djava.util.logging.config.file=/Users/patricksilvestre/Downloads/apache-tomcat-9.0.24/conf/logging.properties
14-Sep-2019 18:37:44.553 INFO [main] org.apache.catalina.startup.VersionLoggerListener.log Command line argument: -Djava.util.logging.manager=org.apache.juli.ClassLoaderLogManager
14-Sep-2019 18:37:44.553 INFO [main] org.apache.catalina.startup.VersionLoggerListener.log Command line argument: -Djdk.tls.ephemeralDHKeySize=2048
14-Sep-2019 18:37:44.553 INFO [main] org.apache.catalina.startup.VersionLoggerListener.log Command line argument: -Djava.protocol.handler.pkgs=org.apache.catalina.webresources
14-Sep-2019 18:37:44.553 INFO [main] org.apache.catalina.startup.VersionLoggerListener.log Command line argument: -Dorg.apache.catalina.security.SecurityListener.UMASK=0027
14-Sep-2019 18:37:44.553 INFO [main] org.apache.catalina.startup.VersionLoggerListener.log Command line argument: -Dignore.endorsed.dirs=
14-Sep-2019 18:37:44.553 INFO [main] org.apache.catalina.startup.VersionLoggerListener.log Command line argument: -Dcatalina.base=/Users/patricksilvestre/Downloads/apache-tomcat-9.0.24
14-Sep-2019 18:37:44.553 INFO [main] org.apache.catalina.startup.VersionLoggerListener.log Command line argument: -Dcatalina.home=/Users/patricksilvestre/Downloads/apache-tomcat-9.0.24
14-Sep-2019 18:37:44.553 INFO [main] org.apache.catalina.startup.VersionLoggerListener.log Command line argument: -Djava.io.tmpdir=/Users/patricksilvestre/Downloads/apache-tomcat-9.0.24/temp
14-Sep-2019 18:37:44.554 INFO [main] org.apache.catalina.core.AprLifecycleListener.lifecycleEvent The APR based Apache Tomcat Native library which allows optimal performance in production environments was not found on the java.library.path: [/Users/patricksilvestre/Library/Java/Extensions:/Library/Java/Extensions:/Network/Library/Java/Extensions:/System/Library/Java/Extensions:/usr/lib/java:.]
14-Sep-2019 18:37:44.837 INFO [main] org.apache.coyote.AbstractProtocol.init Initializing ProtocolHandler ["http-nio-8080"]
14-Sep-2019 18:37:44.871 INFO [main] org.apache.coyote.AbstractProtocol.init Initializing ProtocolHandler ["ajp-nio-8009"]
14-Sep-2019 18:37:44.872 INFO [main] org.apache.catalina.startup.Catalina.load Server initialization in [505] milliseconds
14-Sep-2019 18:37:44.896 INFO [main] org.apache.catalina.core.StandardService.startInternal Starting service [Catalina]
14-Sep-2019 18:37:44.896 INFO [main] org.apache.catalina.core.StandardEngine.startInternal Starting Servlet engine: [Apache Tomcat/9.0.24]
14-Sep-2019 18:37:44.903 INFO [main] org.apache.catalina.startup.HostConfig.deployDirectory Deploying web application directory [/Users/patricksilvestre/Downloads/apache-tomcat-9.0.24/webapps/docs]
14-Sep-2019 18:37:45.089 INFO [main] org.apache.catalina.startup.HostConfig.deployDirectory Deployment of web application directory [/Users/patricksilvestre/Downloads/apache-tomcat-9.0.24/webapps/docs] has finished in [186] ms
14-Sep-2019 18:37:45.091 INFO [main] org.apache.catalina.startup.HostConfig.deployDirectory Deploying web application directory [/Users/patricksilvestre/Downloads/apache-tomcat-9.0.24/webapps/manager]
14-Sep-2019 18:37:45.111 INFO [main] org.apache.catalina.startup.HostConfig.deployDirectory Deployment of web application directory [/Users/patricksilvestre/Downloads/apache-tomcat-9.0.24/webapps/manager] has finished in [19] ms
14-Sep-2019 18:37:45.111 INFO [main] org.apache.catalina.startup.HostConfig.deployDirectory Deploying web application directory [/Users/patricksilvestre/Downloads/apache-tomcat-9.0.24/webapps/examples]
14-Sep-2019 18:37:45.282 INFO [main] org.apache.catalina.startup.HostConfig.deployDirectory Deployment of web application directory [/Users/patricksilvestre/Downloads/apache-tomcat-9.0.24/webapps/examples] has finished in [171] ms
14-Sep-2019 18:37:45.282 INFO [main] org.apache.catalina.startup.HostConfig.deployDirectory Deploying web application directory [/Users/patricksilvestre/Downloads/apache-tomcat-9.0.24/webapps/ROOT]
14-Sep-2019 18:37:45.302 INFO [main] org.apache.catalina.startup.HostConfig.deployDirectory Deployment of web application directory [/Users/patricksilvestre/Downloads/apache-tomcat-9.0.24/webapps/ROOT] has finished in [20] ms
14-Sep-2019 18:37:45.302 INFO [main] org.apache.catalina.startup.HostConfig.deployDirectory Deploying web application directory [/Users/patricksilvestre/Downloads/apache-tomcat-9.0.24/webapps/host-manager]
14-Sep-2019 18:37:45.312 INFO [main] org.apache.catalina.startup.HostConfig.deployDirectory Deployment of web application directory [/Users/patricksilvestre/Downloads/apache-tomcat-9.0.24/webapps/host-manager] has finished in [10] ms
14-Sep-2019 18:37:45.315 INFO [main] org.apache.coyote.AbstractProtocol.start Starting ProtocolHandler ["http-nio-8080"]
14-Sep-2019 18:37:45.320 INFO [main] org.apache.coyote.AbstractProtocol.start Starting ProtocolHandler ["ajp-nio-8009"]
14-Sep-2019 18:37:45.322 INFO [main] org.apache.catalina.startup.Catalina.start Server startup in [449] milliseconds
14-Sep-2019 18:38:43.949 WARNING [main] org.apache.catalina.core.StandardServer.await Invalid shutdown command [] received
14-Sep-2019 18:42:22.966 WARNING [main] org.apache.catalina.core.StandardServer.await Invalid shutdown command [] received
14-Sep-2019 18:42:44.164 INFO [main] org.apache.catalina.core.StandardServer.await A valid shutdown command was received via the shutdown port. Stopping the Server instance.
14-Sep-2019 18:42:44.164 INFO [main] org.apache.coyote.AbstractProtocol.pause Pausing ProtocolHandler ["http-nio-8080"]
14-Sep-2019 18:42:44.173 INFO [main] org.apache.coyote.AbstractProtocol.pause Pausing ProtocolHandler ["ajp-nio-8009"]
14-Sep-2019 18:42:44.179 INFO [main] org.apache.catalina.core.StandardService.stopInternal Stopping service [Catalina]
14-Sep-2019 18:42:44.194 INFO [main] org.apache.coyote.AbstractProtocol.stop Stopping ProtocolHandler ["http-nio-8080"]
14-Sep-2019 18:42:44.195 INFO [main] org.apache.coyote.AbstractProtocol.stop Stopping ProtocolHandler ["ajp-nio-8009"]
14-Sep-2019 18:42:44.195 INFO [main] org.apache.coyote.AbstractProtocol.destroy Destroying ProtocolHandler ["http-nio-8080"]
14-Sep-2019 18:42:44.195 INFO [main] org.apache.coyote.AbstractProtocol.destroy Destroying ProtocolHandler ["ajp-nio-8009"]
14-Sep-2019 18:44:09.284 INFO [main] org.apache.catalina.startup.VersionLoggerListener.log Server version name:   Apache Tomcat/9.0.24
14-Sep-2019 18:44:09.285 INFO [main] org.apache.catalina.startup.VersionLoggerListener.log Server built:          Aug 14 2019 21:16:42 UTC
14-Sep-2019 18:44:09.285 INFO [main] org.apache.catalina.startup.VersionLoggerListener.log Server version number: 9.0.24.0
14-Sep-2019 18:44:09.285 INFO [main] org.apache.catalina.startup.VersionLoggerListener.log OS Name:               Mac OS X
14-Sep-2019 18:44:09.285 INFO [main] org.apache.catalina.startup.VersionLoggerListener.log OS Version:            10.14.6
14-Sep-2019 18:44:09.285 INFO [main] org.apache.catalina.startup.VersionLoggerListener.log Architecture:          x86_64
14-Sep-2019 18:44:09.285 INFO [main] org.apache.catalina.startup.VersionLoggerListener.log Java Home:             /Library/Java/JavaVirtualMachines/jdk1.8.0_201.jdk/Contents/Home/jre
14-Sep-2019 18:44:09.285 INFO [main] org.apache.catalina.startup.VersionLoggerListener.log JVM Version:           1.8.0_201-b09
14-Sep-2019 18:44:09.285 INFO [main] org.apache.catalina.startup.VersionLoggerListener.log JVM Vendor:            Oracle Corporation
14-Sep-2019 18:44:09.286 INFO [main] org.apache.catalina.startup.VersionLoggerListener.log CATALINA_BASE:         /Users/patricksilvestre/Downloads/apache-tomcat-9.0.24
14-Sep-2019 18:44:09.286 INFO [main] org.apache.catalina.startup.VersionLoggerListener.log CATALINA_HOME:         /Users/patricksilvestre/Downloads/apache-tomcat-9.0.24
14-Sep-2019 18:44:09.290 INFO [main] org.apache.catalina.startup.VersionLoggerListener.log Command line argument: -Djava.util.logging.config.file=/Users/patricksilvestre/Downloads/apache-tomcat-9.0.24/conf/logging.properties
14-Sep-2019 18:44:09.290 INFO [main] org.apache.catalina.startup.VersionLoggerListener.log Command line argument: -Djava.util.logging.manager=org.apache.juli.ClassLoaderLogManager
14-Sep-2019 18:44:09.290 INFO [main] org.apache.catalina.startup.VersionLoggerListener.log Command line argument: -Djdk.tls.ephemeralDHKeySize=2048
14-Sep-2019 18:44:09.290 INFO [main] org.apache.catalina.startup.VersionLoggerListener.log Command line argument: -Djava.protocol.handler.pkgs=org.apache.catalina.webresources
14-Sep-2019 18:44:09.290 INFO [main] org.apache.catalina.startup.VersionLoggerListener.log Command line argument: -Dorg.apache.catalina.security.SecurityListener.UMASK=0027
14-Sep-2019 18:44:09.290 INFO [main] org.apache.catalina.startup.VersionLoggerListener.log Command line argument: -Dignore.endorsed.dirs=
14-Sep-2019 18:44:09.290 INFO [main] org.apache.catalina.startup.VersionLoggerListener.log Command line argument: -Dcatalina.base=/Users/patricksilvestre/Downloads/apache-tomcat-9.0.24
14-Sep-2019 18:44:09.290 INFO [main] org.apache.catalina.startup.VersionLoggerListener.log Command line argument: -Dcatalina.home=/Users/patricksilvestre/Downloads/apache-tomcat-9.0.24
14-Sep-2019 18:44:09.290 INFO [main] org.apache.catalina.startup.VersionLoggerListener.log Command line argument: -Djava.io.tmpdir=/Users/patricksilvestre/Downloads/apache-tomcat-9.0.24/temp
14-Sep-2019 18:44:09.290 INFO [main] org.apache.catalina.core.AprLifecycleListener.lifecycleEvent The APR based Apache Tomcat Native library which allows optimal performance in production environments was not found on the java.library.path: [/Users/patricksilvestre/Library/Java/Extensions:/Library/Java/Extensions:/Network/Library/Java/Extensions:/System/Library/Java/Extensions:/usr/lib/java:.]
14-Sep-2019 18:44:09.482 INFO [main] org.apache.coyote.AbstractProtocol.init Initializing ProtocolHandler ["http-nio-8080"]
14-Sep-2019 18:44:09.501 INFO [main] org.apache.coyote.AbstractProtocol.init Initializing ProtocolHandler ["ajp-nio-8009"]
14-Sep-2019 18:44:09.502 INFO [main] org.apache.catalina.startup.Catalina.load Server initialization in [329] milliseconds
14-Sep-2019 18:44:09.517 INFO [main] org.apache.catalina.core.StandardService.startInternal Starting service [Catalina]
14-Sep-2019 18:44:09.517 INFO [main] org.apache.catalina.core.StandardEngine.startInternal Starting Servlet engine: [Apache Tomcat/9.0.24]
14-Sep-2019 18:44:09.522 INFO [main] org.apache.catalina.startup.HostConfig.deployDirectory Deploying web application directory [/Users/patricksilvestre/Downloads/apache-tomcat-9.0.24/webapps/docs]
14-Sep-2019 18:44:09.653 INFO [main] org.apache.catalina.startup.HostConfig.deployDirectory Deployment of web application directory [/Users/patricksilvestre/Downloads/apache-tomcat-9.0.24/webapps/docs] has finished in [130] ms
14-Sep-2019 18:44:09.653 INFO [main] org.apache.catalina.startup.HostConfig.deployDirectory Deploying web application directory [/Users/patricksilvestre/Downloads/apache-tomcat-9.0.24/webapps/manager]
14-Sep-2019 18:44:09.670 INFO [main] org.apache.catalina.startup.HostConfig.deployDirectory Deployment of web application directory [/Users/patricksilvestre/Downloads/apache-tomcat-9.0.24/webapps/manager] has finished in [17] ms
14-Sep-2019 18:44:09.670 INFO [main] org.apache.catalina.startup.HostConfig.deployDirectory Deploying web application directory [/Users/patricksilvestre/Downloads/apache-tomcat-9.0.24/webapps/examples]
14-Sep-2019 18:44:09.810 INFO [main] org.apache.catalina.startup.HostConfig.deployDirectory Deployment of web application directory [/Users/patricksilvestre/Downloads/apache-tomcat-9.0.24/webapps/examples] has finished in [140] ms
14-Sep-2019 18:44:09.811 INFO [main] org.apache.catalina.startup.HostConfig.deployDirectory Deploying web application directory [/Users/patricksilvestre/Downloads/apache-tomcat-9.0.24/webapps/ROOT]
14-Sep-2019 18:44:09.829 INFO [main] org.apache.catalina.startup.HostConfig.deployDirectory Deployment of web application directory [/Users/patricksilvestre/Downloads/apache-tomcat-9.0.24/webapps/ROOT] has finished in [18] ms
14-Sep-2019 18:44:09.829 INFO [main] org.apache.catalina.startup.HostConfig.deployDirectory Deploying web application directory [/Users/patricksilvestre/Downloads/apache-tomcat-9.0.24/webapps/host-manager]
14-Sep-2019 18:44:09.840 INFO [main] org.apache.catalina.startup.HostConfig.deployDirectory Deployment of web application directory [/Users/patricksilvestre/Downloads/apache-tomcat-9.0.24/webapps/host-manager] has finished in [11] ms
14-Sep-2019 18:44:09.843 INFO [main] org.apache.coyote.AbstractProtocol.start Starting ProtocolHandler ["http-nio-8080"]
14-Sep-2019 18:44:09.847 INFO [main] org.apache.coyote.AbstractProtocol.start Starting ProtocolHandler ["ajp-nio-8009"]
14-Sep-2019 18:44:09.849 INFO [main] org.apache.catalina.startup.Catalina.start Server startup in [346] milliseconds
14-Sep-2019 18:46:38.858 INFO [main] org.apache.catalina.core.StandardServer.await A valid shutdown command was received via the shutdown port. Stopping the Server instance.
14-Sep-2019 18:46:38.859 INFO [main] org.apache.coyote.AbstractProtocol.pause Pausing ProtocolHandler ["http-nio-8080"]
14-Sep-2019 18:46:38.868 INFO [main] org.apache.coyote.AbstractProtocol.pause Pausing ProtocolHandler ["ajp-nio-8009"]
14-Sep-2019 18:46:38.874 INFO [main] org.apache.catalina.core.StandardService.stopInternal Stopping service [Catalina]
14-Sep-2019 18:46:38.887 INFO [main] org.apache.coyote.AbstractProtocol.stop Stopping ProtocolHandler ["http-nio-8080"]
14-Sep-2019 18:46:38.888 INFO [main] org.apache.coyote.AbstractProtocol.stop Stopping ProtocolHandler ["ajp-nio-8009"]
14-Sep-2019 18:46:38.889 INFO [main] org.apache.coyote.AbstractProtocol.destroy Destroying ProtocolHandler ["http-nio-8080"]
14-Sep-2019 18:46:38.889 INFO [main] org.apache.coyote.AbstractProtocol.destroy Destroying ProtocolHandler ["ajp-nio-8009"]
14-Sep-2019 18:47:17.191 INFO [main] org.apache.catalina.startup.VersionLoggerListener.log Server version name:   Apache Tomcat/9.0.24
14-Sep-2019 18:47:17.193 INFO [main] org.apache.catalina.startup.VersionLoggerListener.log Server built:          Aug 14 2019 21:16:42 UTC
14-Sep-2019 18:47:17.193 INFO [main] org.apache.catalina.startup.VersionLoggerListener.log Server version number: 9.0.24.0
14-Sep-2019 18:47:17.193 INFO [main] org.apache.catalina.startup.VersionLoggerListener.log OS Name:               Mac OS X
14-Sep-2019 18:47:17.193 INFO [main] org.apache.catalina.startup.VersionLoggerListener.log OS Version:            10.14.6
14-Sep-2019 18:47:17.193 INFO [main] org.apache.catalina.startup.VersionLoggerListener.log Architecture:          x86_64
14-Sep-2019 18:47:17.193 INFO [main] org.apache.catalina.startup.VersionLoggerListener.log Java Home:             /Library/Java/JavaVirtualMachines/jdk1.8.0_201.jdk/Contents/Home/jre
14-Sep-2019 18:47:17.193 INFO [main] org.apache.catalina.startup.VersionLoggerListener.log JVM Version:           1.8.0_201-b09
14-Sep-2019 18:47:17.193 INFO [main] org.apache.catalina.startup.VersionLoggerListener.log JVM Vendor:            Oracle Corporation
14-Sep-2019 18:47:17.193 INFO [main] org.apache.catalina.startup.VersionLoggerListener.log CATALINA_BASE:         /Users/patricksilvestre/Downloads/apache-tomcat-9.0.24
14-Sep-2019 18:47:17.193 INFO [main] org.apache.catalina.startup.VersionLoggerListener.log CATALINA_HOME:         /Users/patricksilvestre/Downloads/apache-tomcat-9.0.24
14-Sep-2019 18:47:17.197 INFO [main] org.apache.catalina.startup.VersionLoggerListener.log Command line argument: -Djava.util.logging.config.file=/Users/patricksilvestre/Downloads/apache-tomcat-9.0.24/conf/logging.properties
14-Sep-2019 18:47:17.197 INFO [main] org.apache.catalina.startup.VersionLoggerListener.log Command line argument: -Djava.util.logging.manager=org.apache.juli.ClassLoaderLogManager
14-Sep-2019 18:47:17.197 INFO [main] org.apache.catalina.startup.VersionLoggerListener.log Command line argument: -Djdk.tls.ephemeralDHKeySize=2048
14-Sep-2019 18:47:17.197 INFO [main] org.apache.catalina.startup.VersionLoggerListener.log Command line argument: -Djava.protocol.handler.pkgs=org.apache.catalina.webresources
14-Sep-2019 18:47:17.197 INFO [main] org.apache.catalina.startup.VersionLoggerListener.log Command line argument: -Dorg.apache.catalina.security.SecurityListener.UMASK=0027
14-Sep-2019 18:47:17.197 INFO [main] org.apache.catalina.startup.VersionLoggerListener.log Command line argument: -Dignore.endorsed.dirs=
14-Sep-2019 18:47:17.197 INFO [main] org.apache.catalina.startup.VersionLoggerListener.log Command line argument: -Dcatalina.base=/Users/patricksilvestre/Downloads/apache-tomcat-9.0.24
14-Sep-2019 18:47:17.197 INFO [main] org.apache.catalina.startup.VersionLoggerListener.log Command line argument: -Dcatalina.home=/Users/patricksilvestre/Downloads/apache-tomcat-9.0.24
14-Sep-2019 18:47:17.197 INFO [main] org.apache.catalina.startup.VersionLoggerListener.log Command line argument: -Djava.io.tmpdir=/Users/patricksilvestre/Downloads/apache-tomcat-9.0.24/temp
14-Sep-2019 18:47:17.197 INFO [main] org.apache.catalina.core.AprLifecycleListener.lifecycleEvent The APR based Apache Tomcat Native library which allows optimal performance in production environments was not found on the java.library.path: [/Users/patricksilvestre/Library/Java/Extensions:/Library/Java/Extensions:/Network/Library/Java/Extensions:/System/Library/Java/Extensions:/usr/lib/java:.]
14-Sep-2019 18:47:17.380 INFO [main] org.apache.coyote.AbstractProtocol.init Initializing ProtocolHandler ["http-nio-8080"]
14-Sep-2019 18:47:17.399 INFO [main] org.apache.coyote.AbstractProtocol.init Initializing ProtocolHandler ["ajp-nio-8009"]
14-Sep-2019 18:47:17.400 INFO [main] org.apache.catalina.startup.Catalina.load Server initialization in [321] milliseconds
14-Sep-2019 18:47:17.415 INFO [main] org.apache.catalina.core.StandardService.startInternal Starting service [Catalina]
14-Sep-2019 18:47:17.415 INFO [main] org.apache.catalina.core.StandardEngine.startInternal Starting Servlet engine: [Apache Tomcat/9.0.24]
14-Sep-2019 18:47:17.420 INFO [main] org.apache.catalina.startup.HostConfig.deployDirectory Deploying web application directory [/Users/patricksilvestre/Downloads/apache-tomcat-9.0.24/webapps/docs]
14-Sep-2019 18:47:17.555 INFO [main] org.apache.catalina.startup.HostConfig.deployDirectory Deployment of web application directory [/Users/patricksilvestre/Downloads/apache-tomcat-9.0.24/webapps/docs] has finished in [136] ms
14-Sep-2019 18:47:17.556 INFO [main] org.apache.catalina.startup.HostConfig.deployDirectory Deploying web application directory [/Users/patricksilvestre/Downloads/apache-tomcat-9.0.24/webapps/manager]
14-Sep-2019 18:47:17.574 INFO [main] org.apache.catalina.startup.HostConfig.deployDirectory Deployment of web application directory [/Users/patricksilvestre/Downloads/apache-tomcat-9.0.24/webapps/manager] has finished in [18] ms
14-Sep-2019 18:47:17.574 INFO [main] org.apache.catalina.startup.HostConfig.deployDirectory Deploying web application directory [/Users/patricksilvestre/Downloads/apache-tomcat-9.0.24/webapps/examples]
14-Sep-2019 18:47:17.715 INFO [main] org.apache.catalina.startup.HostConfig.deployDirectory Deployment of web application directory [/Users/patricksilvestre/Downloads/apache-tomcat-9.0.24/webapps/examples] has finished in [140] ms
14-Sep-2019 18:47:17.715 INFO [main] org.apache.catalina.startup.HostConfig.deployDirectory Deploying web application directory [/Users/patricksilvestre/Downloads/apache-tomcat-9.0.24/webapps/ROOT]
14-Sep-2019 18:47:17.731 INFO [main] org.apache.catalina.startup.HostConfig.deployDirectory Deployment of web application directory [/Users/patricksilvestre/Downloads/apache-tomcat-9.0.24/webapps/ROOT] has finished in [16] ms
14-Sep-2019 18:47:17.731 INFO [main] org.apache.catalina.startup.HostConfig.deployDirectory Deploying web application directory [/Users/patricksilvestre/Downloads/apache-tomcat-9.0.24/webapps/host-manager]
14-Sep-2019 18:47:17.741 INFO [main] org.apache.catalina.startup.HostConfig.deployDirectory Deployment of web application directory [/Users/patricksilvestre/Downloads/apache-tomcat-9.0.24/webapps/host-manager] has finished in [9] ms
14-Sep-2019 18:47:17.743 INFO [main] org.apache.coyote.AbstractProtocol.start Starting ProtocolHandler ["http-nio-8080"]
14-Sep-2019 18:47:17.747 INFO [main] org.apache.coyote.AbstractProtocol.start Starting ProtocolHandler ["ajp-nio-8009"]
14-Sep-2019 18:47:17.748 INFO [main] org.apache.catalina.startup.Catalina.start Server startup in [347] milliseconds
Hello, world!
Hello, world!
Hello, world!
Hello, world!
Loading class `com.mysql.jdbc.Driver'. This is deprecated. The new driver class is `com.mysql.cj.jdbc.Driver'. The driver is automatically registered via the SPI and manual loading of the driver class is generally unnecessary.
com.mysql.cj.jdbc.exceptions.CommunicationsException: Communications link failure

The last packet sent successfully to the server was 0 milliseconds ago. The driver has not received any packets from the server.
com.mysql.cj.jdbc.exceptions.CommunicationsException: Communications link failure

The last packet sent successfully to the server was 0 milliseconds ago. The driver has not received any packets from the server.
14-Sep-2019 19:03:37.769 WARNING [main] org.apache.catalina.core.StandardServer.await Invalid shutdown command [] received
14-Sep-2019 19:04:55.119 INFO [main] org.apache.catalina.core.StandardServer.await A valid shutdown command was received via the shutdown port. Stopping the Server instance.
14-Sep-2019 19:04:55.119 INFO [main] org.apache.coyote.AbstractProtocol.pause Pausing ProtocolHandler ["http-nio-8080"]
14-Sep-2019 19:04:55.126 INFO [main] org.apache.coyote.AbstractProtocol.pause Pausing ProtocolHandler ["ajp-nio-8009"]
14-Sep-2019 19:04:55.132 INFO [main] org.apache.catalina.core.StandardService.stopInternal Stopping service [Catalina]
14-Sep-2019 19:04:55.145 INFO [main] org.apache.coyote.AbstractProtocol.stop Stopping ProtocolHandler ["http-nio-8080"]
14-Sep-2019 19:04:55.146 INFO [main] org.apache.coyote.AbstractProtocol.stop Stopping ProtocolHandler ["ajp-nio-8009"]
14-Sep-2019 19:04:55.147 INFO [main] org.apache.coyote.AbstractProtocol.destroy Destroying ProtocolHandler ["http-nio-8080"]
14-Sep-2019 19:04:55.147 INFO [main] org.apache.coyote.AbstractProtocol.destroy Destroying ProtocolHandler ["ajp-nio-8009"]
23-Sep-2019 19:10:15.438 INFO [main] org.apache.catalina.startup.VersionLoggerListener.log Server version name:   Apache Tomcat/9.0.24
23-Sep-2019 19:10:15.440 INFO [main] org.apache.catalina.startup.VersionLoggerListener.log Server built:          Aug 14 2019 21:16:42 UTC
23-Sep-2019 19:10:15.440 INFO [main] org.apache.catalina.startup.VersionLoggerListener.log Server version number: 9.0.24.0
23-Sep-2019 19:10:15.440 INFO [main] org.apache.catalina.startup.VersionLoggerListener.log OS Name:               Mac OS X
23-Sep-2019 19:10:15.440 INFO [main] org.apache.catalina.startup.VersionLoggerListener.log OS Version:            10.14.6
23-Sep-2019 19:10:15.440 INFO [main] org.apache.catalina.startup.VersionLoggerListener.log Architecture:          x86_64
23-Sep-2019 19:10:15.440 INFO [main] org.apache.catalina.startup.VersionLoggerListener.log Java Home:             /Library/Java/JavaVirtualMachines/jdk1.8.0_201.jdk/Contents/Home/jre
23-Sep-2019 19:10:15.440 INFO [main] org.apache.catalina.startup.VersionLoggerListener.log JVM Version:           1.8.0_201-b09
23-Sep-2019 19:10:15.441 INFO [main] org.apache.catalina.startup.VersionLoggerListener.log JVM Vendor:            Oracle Corporation
23-Sep-2019 19:10:15.441 INFO [main] org.apache.catalina.startup.VersionLoggerListener.log CATALINA_BASE:         /Users/patricksilvestre/Downloads/apache-tomcat-9.0.24
23-Sep-2019 19:10:15.441 INFO [main] org.apache.catalina.startup.VersionLoggerListener.log CATALINA_HOME:         /Users/patricksilvestre/Downloads/apache-tomcat-9.0.24
23-Sep-2019 19:10:15.444 INFO [main] org.apache.catalina.startup.VersionLoggerListener.log Command line argument: -Djava.util.logging.config.file=/Users/patricksilvestre/Downloads/apache-tomcat-9.0.24/conf/logging.properties
23-Sep-2019 19:10:15.444 INFO [main] org.apache.catalina.startup.VersionLoggerListener.log Command line argument: -Djava.util.logging.manager=org.apache.juli.ClassLoaderLogManager
23-Sep-2019 19:10:15.444 INFO [main] org.apache.catalina.startup.VersionLoggerListener.log Command line argument: -Djdk.tls.ephemeralDHKeySize=2048
23-Sep-2019 19:10:15.444 INFO [main] org.apache.catalina.startup.VersionLoggerListener.log Command line argument: -Djava.protocol.handler.pkgs=org.apache.catalina.webresources
23-Sep-2019 19:10:15.444 INFO [main] org.apache.catalina.startup.VersionLoggerListener.log Command line argument: -Dorg.apache.catalina.security.SecurityListener.UMASK=0027
23-Sep-2019 19:10:15.444 INFO [main] org.apache.catalina.startup.VersionLoggerListener.log Command line argument: -Dignore.endorsed.dirs=
23-Sep-2019 19:10:15.444 INFO [main] org.apache.catalina.startup.VersionLoggerListener.log Command line argument: -Dcatalina.base=/Users/patricksilvestre/Downloads/apache-tomcat-9.0.24
23-Sep-2019 19:10:15.444 INFO [main] org.apache.catalina.startup.VersionLoggerListener.log Command line argument: -Dcatalina.home=/Users/patricksilvestre/Downloads/apache-tomcat-9.0.24
23-Sep-2019 19:10:15.444 INFO [main] org.apache.catalina.startup.VersionLoggerListener.log Command line argument: -Djava.io.tmpdir=/Users/patricksilvestre/Downloads/apache-tomcat-9.0.24/temp
23-Sep-2019 19:10:15.445 INFO [main] org.apache.catalina.core.AprLifecycleListener.lifecycleEvent The APR based Apache Tomcat Native library which allows optimal performance in production environments was not found on the java.library.path: [/Users/patricksilvestre/Library/Java/Extensions:/Library/Java/Extensions:/Network/Library/Java/Extensions:/System/Library/Java/Extensions:/usr/lib/java:.]
23-Sep-2019 19:10:15.629 INFO [main] org.apache.coyote.AbstractProtocol.init Initializing ProtocolHandler ["http-nio-8080"]
23-Sep-2019 19:10:15.647 INFO [main] org.apache.coyote.AbstractProtocol.init Initializing ProtocolHandler ["ajp-nio-8009"]
23-Sep-2019 19:10:15.649 INFO [main] org.apache.catalina.startup.Catalina.load Server initialization in [323] milliseconds
23-Sep-2019 19:10:15.663 INFO [main] org.apache.catalina.core.StandardService.startInternal Starting service [Catalina]
23-Sep-2019 19:10:15.663 INFO [main] org.apache.catalina.core.StandardEngine.startInternal Starting Servlet engine: [Apache Tomcat/9.0.24]
23-Sep-2019 19:10:15.669 INFO [main] org.apache.catalina.startup.HostConfig.deployDirectory Deploying web application directory [/Users/patricksilvestre/Downloads/apache-tomcat-9.0.24/webapps/docs]
23-Sep-2019 19:10:15.806 INFO [main] org.apache.catalina.startup.HostConfig.deployDirectory Deployment of web application directory [/Users/patricksilvestre/Downloads/apache-tomcat-9.0.24/webapps/docs] has finished in [136] ms
23-Sep-2019 19:10:15.807 INFO [main] org.apache.catalina.startup.HostConfig.deployDirectory Deploying web application directory [/Users/patricksilvestre/Downloads/apache-tomcat-9.0.24/webapps/manager]
23-Sep-2019 19:10:15.826 INFO [main] org.apache.catalina.startup.HostConfig.deployDirectory Deployment of web application directory [/Users/patricksilvestre/Downloads/apache-tomcat-9.0.24/webapps/manager] has finished in [20] ms
23-Sep-2019 19:10:15.827 INFO [main] org.apache.catalina.startup.HostConfig.deployDirectory Deploying web application directory [/Users/patricksilvestre/Downloads/apache-tomcat-9.0.24/webapps/examples]
23-Sep-2019 19:10:15.990 INFO [main] org.apache.catalina.startup.HostConfig.deployDirectory Deployment of web application directory [/Users/patricksilvestre/Downloads/apache-tomcat-9.0.24/webapps/examples] has finished in [164] ms
23-Sep-2019 19:10:15.990 INFO [main] org.apache.catalina.startup.HostConfig.deployDirectory Deploying web application directory [/Users/patricksilvestre/Downloads/apache-tomcat-9.0.24/webapps/ROOT]
23-Sep-2019 19:10:16.006 INFO [main] org.apache.catalina.startup.HostConfig.deployDirectory Deployment of web application directory [/Users/patricksilvestre/Downloads/apache-tomcat-9.0.24/webapps/ROOT] has finished in [16] ms
23-Sep-2019 19:10:16.007 INFO [main] org.apache.catalina.startup.HostConfig.deployDirectory Deploying web application directory [/Users/patricksilvestre/Downloads/apache-tomcat-9.0.24/webapps/host-manager]
23-Sep-2019 19:10:16.017 INFO [main] org.apache.catalina.startup.HostConfig.deployDirectory Deployment of web application directory [/Users/patricksilvestre/Downloads/apache-tomcat-9.0.24/webapps/host-manager] has finished in [10] ms
23-Sep-2019 19:10:16.019 INFO [main] org.apache.coyote.AbstractProtocol.start Starting ProtocolHandler ["http-nio-8080"]
23-Sep-2019 19:10:16.024 INFO [main] org.apache.coyote.AbstractProtocol.start Starting ProtocolHandler ["ajp-nio-8009"]
23-Sep-2019 19:10:16.025 INFO [main] org.apache.catalina.startup.Catalina.start Server startup in [376] milliseconds
23-Sep-2019 19:10:19.344 INFO [main] org.apache.catalina.core.StandardServer.await A valid shutdown command was received via the shutdown port. Stopping the Server instance.
23-Sep-2019 19:10:19.345 INFO [main] org.apache.coyote.AbstractProtocol.pause Pausing ProtocolHandler ["http-nio-8080"]
23-Sep-2019 19:10:19.354 INFO [main] org.apache.coyote.AbstractProtocol.pause Pausing ProtocolHandler ["ajp-nio-8009"]
23-Sep-2019 19:10:19.360 INFO [main] org.apache.catalina.core.StandardService.stopInternal Stopping service [Catalina]
23-Sep-2019 19:10:19.373 INFO [main] org.apache.coyote.AbstractProtocol.stop Stopping ProtocolHandler ["http-nio-8080"]
23-Sep-2019 19:10:19.374 INFO [main] org.apache.coyote.AbstractProtocol.stop Stopping ProtocolHandler ["ajp-nio-8009"]
23-Sep-2019 19:10:19.375 INFO [main] org.apache.coyote.AbstractProtocol.destroy Destroying ProtocolHandler ["http-nio-8080"]
23-Sep-2019 19:10:19.375 INFO [main] org.apache.coyote.AbstractProtocol.destroy Destroying ProtocolHandler ["ajp-nio-8009"]
